G/TRloBizS+3hJWCo2bydw==
wqJ4lO0AG2A5QGjDF+5LmA==
jaMYPeaBelJcJlInKxMvGQ==
9nTJKO3Kd7r2WIXFG5kk2A==
o2OvH5iKBVUTgzKWEzWcjw==
mk0dwhm6OYrApGsLSqY5RQ==
GLZnqv+vvKeSvpvt3BULSA==
4Amq1/SBgqOC0IxLdfjmnA==
pIGRlTvfL+hhszVyJjcDuA==
9JtvUNinsqOZwrtYG3Vx0g==
MZUW1gaHVQBwvaVYTxgnyA==
iWUS96g0JJIjVHOGtTpT6A==
WPHoiV3T+LIhIGwTIVAZFA==
tSWRB1wnHfPVUT09mKBlJw==
NvSPMD7figIDaWKJCmUBsw==
sBtgVfw74xui0kBu4MJ9RA==
XXBb6vbl1Yjmx5rDheX7nQ==
Au1B05iIg4OW1/mKnvaHGw==
ifX8EO7eUBUWIpTHE13QPA==
e0GCqKNbwXZgEExUSG+7VA==
A8/fzftJoqv8iR5CXrtGsw==
aeVhlDAKr1MVs97Sc7FPyg==
sG5nEkCzgPDuTsywCt8Ajg==
B+kO89IA2G//br9FcGFXOw==
tx09o9ck/MkckHIfJ0CLtw==
/qpXrYq2dksNi+Ud5YTRoQ==
/2L4magTapYa5djrgFW6Ew==
RDxou1fPo3cHHyQtUEXKVQ==
xI+mdHnT+MF9QxmCZOpkIg==
9t/ZWc1z1LiA9zZQsfH+9g==
RS4ED2+xvIhan0NAyilZsQ==
LMjd/J6K4QH8O0CjDZqH0Q==
y4DHdcw2GgufU0UIs/9ZwA==
muSyFW8KmmoN79dOcM6lyg==
v3r5qDQxLYQVWyHyjdM9JQ==
Z7KilaEW0zm6zf8ZOlkBcA==
JAVOHftyeDUXz5DqOnVqJA==
9w6FbcTPjvXiiDdC9e+gTg==
ujUswJWsUCk7l6+0FYVScQ==
PFBDwANWNjm7surePRCDnQ==
z5DrFSHeYhTnDZfFxlob+w==
5YSMaVwloSFaT6rNc2jiEg==
54iApY0TKxrLbO2kwcpy/w==
sJPixA4JQSDknOAFt4MzUA==
FDVfIx0Zre6zW0ZKgGYCDw==
9Z9umfUPOXhpL1OEXTlwTQ==
NvE0a7oofxbAqEWHCY0fgQ==
CAcZ/rLHZwIfLG/wZIepPA==
gMYW7FiZQZJ/lV/XEzCLSw==
1EhdVC+6yN2v7ycR6Y2pSQ==
p7bLouhjbbXWgtWmZlBgJQ==
HbT94q0PrYll9HvQ/TKbwA==
nO0MJWksUhFTSBg4MAenxg==
9qADXnyftnkhGijTQ/giWg==
9KEc3tuphKqPCUL8Yfm3NQ==
gIDqo8j+tWk9N7gVDSbSbQ==
FE1IVt3vIBT7QrFnfc0EVg==
nZU42gv/RmESWYI2nWreEA==
XzMxq0Lrb7lduGiEQYbX1A==
WB9zFG/rREx1gcfsDk2U7Q==
bBAwdxTdvCyrOcoAZ48dew==
z79pPZe5G8ceQDJcer1TOg==
mdr0bu3GpG6gRCiOYrcjOw==
xB59IsH7xa1E+vi8wTx1og==
bMFfjnxMsyJDn0R0D4XjPQ==
9CIvl8nHU4tbz1OFbI71LQ==
gpJHomFfsAORF2HCJ+Su6g==
lsD+TEu8FyUhJYN8KK5QbA==
uR11OTqYo5JmAgYV8ChH/A==
7K+mXViHAf/EZ8hJaE90KA==
zlsF7c4DjkHu8iww9+uUzw==
y8mVdvso7eUq6wC5d+++RA==
ckZq8LmhsIiDHH5/ToNCjg==
E6dg8WMKZ2egMxLN204tvA==
F9pxemjtaaqyELS42XmNLQ==
+OETeao7r3zK5nK6tSztDg==
OHmXSfdyAhUGKJpLoIMJiw==
nCIVRXvJZPyaLruNUAg4AA==
LJfYTqGRR1knQ95KqywvBQ==
VRmwhc0MG4HZGvAGrgV9dw==
f5fUdHoBWARRewac55InAg==
cUYj28/okv2gGq5xHYrPPg==
eLciZ9qChm+84Dkuzxml1g==
aV1MWbce2BN+ISOXTz2xjw==
tOTC4F/aX6Ad1Ris1sQ5Tg==
zkrkE66zZjgFKv/ZuWMR6A==
Co6hmL3iNnRjMYhq/feZnQ==
SzRJrKwrXliRjW5cB1gZLQ==
V0M/HB8M2G/EW/K126apAw==
ezHn3ZWVORDvbGGwsea32w==
5EhdQDFBnMRzt+/95VFppQ==
FiSNwBICqOgrnnACU96Ahw==
6hNfdJWzrZVx9AtvrqsSrw==
HIiq497t+tgb841tWGSOVw==
RofTjnfHdKR3o+5B4qvGCQ==
wDBfiL7s3frI1i086xtO2g==
9pbkbFnFhwYNtVrXxZBmfw==
nN6nuurdLI/dgYuc3wxMTA==
P6MDqKhtpfJH0fpeGhUWWA==
CLNkpqjxiC5iP2F92rYA7Q==
6WIO1c2L1VIaFvNjvXwGIw==
DV9VgulTKfWXBwm1QFARXA==
/MUQwBoh3eu8okdFj6gpXQ==
9CkNp54xOb0fYSxiecDT3w==
trf2d3dUodjf5AzclcKafw==
9X06jemXU27BhKy2OGJFuw==
TjTuSpOKnWbui5PpXFB/8Q==
WQTTRdUjCH22saqwriT+Eg==
r+1dYF0O/Jb8S4atEiRxUQ==
iV1N+nZg7rcGBjL2VJvMsg==
Kv2geMqpTJMlp/nO3Rm3BQ==
yun43qdl1rdztP3EPTxCnA==
nlu8ZuCLjxeg14tdXG6MOg==
0dAj5ERcVfKxHL6krqTCjg==
RCYJQNbmS9hqTaSr8the/A==
wJ+7lFGM3E0yNh0c8CLM5g==
4p+GQvLbY+rFM1Q9Zpx2Mg==
QxAnInxrAvNFilI+CuWGCw==
C+y1M8/brekymv67R7tIWA==
ktUN1UbCfzqGMu72PwraTA==
BWTm3ZTjq9i15u3RRm4fdw==
V96miiB6nuX80oJFtT/yIw==
zlUx9DumyQih+m17F3Zl9Q==
5ofAo8NioMY2VGvkSc4XEQ==
qWdBkVlyuPIocyT5JyHQyA==
BK4WJvtQGieUCHLQVlqBZw==
HFYPDoyRQTCVuDjHU9BGFw==
zQBP1fOaJuFuBsYgytYyFQ==
wiIbInxhzlsG+TfYKEGfwQ==
KpbpFPIBCNlS9l+IDzABGA==
ydyxuQDc/TOSmFIcZHjYkQ==
f9M6z50Kc4c/6ouIUsBKaw==
KLkIXcSRUOngLjR5NiUnZA==
SOJwJkfo8EYdUWV1WsUSZw==
O0rjuTgAv9OftHTBCWh0Qw==
7xcgYaski3Cjn0nJNlDIbA==
rK/X81NRBsJYIeDH2c9xzg==
/JXIgtycbxeMF7YjPC+v0w==
Nb2iLTmAwPXwfrkmGnw8Bw==
EbaQ7iW44GxxUbJHNJnjJg==
SrnZv4zsR1xfyBTWKBFYwA==
yc9+HAGXHTx43T/QhaBHRQ==
qZKXLumqUzf/zoXq5fNqug==
0n8/2LfHUtINtgkW2zgb1g==
yG5qq3Pu/BYxQyxpblKvHQ==
ysTBxnAls1eaIb/5PMhZLw==
7ZK4Ct6Wbn4IUfB22UbcRw==
uIx9j0d5V1FZ51wbjET41A==
Q5KGXo5/sJf6/zB4oSOFRA==
yFoK1iYHQ2Szt8gugRd8sw==
xsPCmhh2JikGguMQpVJuVw==
Pm7lbohKh7qHX233KztwmA==
lwwHTyjUSVSJBKbMrXn3KA==
o+EOP87wKbv667LIf7lukg==
TKjI6d2vlo4A1s38uAGVOw==
PYv53Go2g587pduY6azL0g==
WMG9THvQqRY9yTcii/11AQ==
cceNH4v84prTQcpk7nEmzg==
F7vs5ps/jX1iMaogbnTaOQ==
oWjMTHIcrZyh1V4UXh/28w==
05+ZS3OmtDcdDHw7sRb+4A==
fxZ4dxnQ3ZiQqfAHCSsj7Q==
Sr1uKcgy0CsutYAxAjyJKw==
jFZ6SSlHBZjl9sbV0gL72A==
8OSw68s5VV//SG/QWXMchw==
Op+ZOeVTkhfA+qSlUpt8zA==
7Ayq9Ir/BJJ+BY2ENfThEg==
o0nplVU92NUNKoFrpZK6Ng==
MkJdGZ9CQzfkf9zhxGS4sA==
e4xtzJjC5LPG3XH7FpTs3Q==
BifojLKQIzt46Dck0jLAmg==
GX6SJYZ8GY8PVhVuy7tkWg==
Bzk5kwQjhEW1MdGKqDe0UA==
PWb64sv5r6un8l63/9Scmg==
/Lrb9HViU9DdpVAhZ5lcqg==
eYt568wFiY7DPusOhOt+tQ==
cy9PVvZLVPtxGXY0qSffKQ==
zGnpDSKSqUcG0ojlFrfCDg==
W1OFWMoxOeAvDFr+z0ljxg==
NwuqgBORkeVnehzMtjHcVQ==
xjNBdQ6MPvA/+6GYnmslFg==
4H09hB29bRPHD+epEQiWvw==
EEMazb6OII2o7NcNxrTh5g==
muEnygh3kJqNWW4nYKR4Gw==
3D8hxzbB+iRPrUbyUifezA==
j3hmJRBUUawNZ4vSHJK7Jw==
3jeCuMTqN+QMGGSa29CVRQ==
t/R4GUerKsnPeU60L56e4g==
RZxufIrJh0WZt6YY6SMf2Q==
LTwfyPwe+wXXC7mJh2ejUw==
6ci/mrJ3eq9qkFeVsiyKSg==
sfRhlb0bZF8l7KLx3xi0fg==
vl/j+xJDmJ3maSXaqyKnXA==
z0bek1eenkcJDmZPU6zt6A==
S2nlPDlL31arRMoPMo2d/w==
Vd8N+mT5C4JQxMnZEW00+w==
8NPDAJVz+PUqudhIyx/kTg==
mQx3eWmP6S5sb/AfhThThA==
IecNSST9bzn4SuQIZY9TKA==
9kyg7LxY5fXWRjJxP7NzIQ==
iC0P+7fUYqpYW6apeH6hQg==
AMMpTYOQ6sEsN7m4I/bSSg==
x/C5SBXo2mvvwzCC4OgHmA==
iV6/LFtFdLETVxiTYfAcdQ==
0BmUnZNDtd1ocUN1wa39Rg==
nEW9ITY+O+uonKS8mDK7dA==
flgoDzOx4k00QfbP7z6faA==
/+3M8AVsE2blao9f8d4DaQ==
l/R8q7PgiQclNYD74x4PcA==
lqhepjRz2CTACYNcT8fHcg==
Rg4j5jt2oWnlpBlOo/4fiw==
GKoL+Mx75IgUzycFb9nfLg==
8SqqDKex0MmKk/aHrprolA==
UskHTlK768IrmD368jL/9A==
31bPLSHd+rsfGwdaq3USNQ==
Phj4wHQfip4DedPDBbgT/w==
3mRuuEbo3xjCFZb1vRrY/A==
0FCeP1u90nyUCR8BJSP7Jg==
d8+XJNHZ17Ebff6D/gvW6Q==
NGpOHJFRUj5GzglAw50AwA==
vJ4gkehy9xzz3XK1T1o/6Q==
b/i1Q5N6YTsF8Fx4UqLOOg==
tJB7sqyxnPFbdT6fTxorug==
PHOOkWKtaVtL+7bkDwFcHA==
KWbIYRHr7k7vLEtGGvE3rA==
HlFr21yDl7Fr4tKSegqq8Q==
KeJJne64ob8lgSMJ82kLjQ==
SZH/4vL66/fl6q5JCaOTkw==
AbzN4M2Ow4BbkUVDojqNOQ==
aL4FJ6WaZDjhDq10Eqe4WA==
32sJQoVAjW03lZA0NR+wIA==
iUvvtjMgR+jpaMQg/51jJQ==
u4bEmGNVluSx5GfmUKKz9w==
bJwsd6eYCZtICsp3aRIuyA==
PMlM6fD42jsXtVm0Ln/OkA==
LbDO52AbsaM9guyzJYcNKQ==
+0ls/taYmazJBVdfZapRdg==
HjyshJj9BgpwGHv2BSdJrg==
qxUE7z4Edupey6nMUb4qTg==
v+ZxOHP4OZf3iy1A9ay48Q==
V5GYXD64uqnvt/r6ECD7eg==
weRi9aKzgHGtFSOmPmpkLw==
ZOl9vYD4tHxaULSYlWfgZw==
IkBUhcnCBvlidYx9j63TmA==
n0rNHTgXPcriYdJ4WUHnIA==
OXOKJpZaR2yU0XLTR2plNg==
eKa9nv1Z4TvW99vMTuwuJg==
NNidSj1aCSnSXjNXQBNmSQ==
9L0OmYN0X97KY5+Q0brA3Q==
Gllo2vXseiT5YDwrGur/BQ==
LjRXOam5gsUjaMRSFiprcA==
q76QBwitvt1poFlgaKfniA==
8HZ5zQ0CbghStJbrI2YOIA==
N8Cke8HnLb2f3BsxDFpDLw==
4RsjC+3CG8dK7FRv/qqIgQ==
p+u8ScpjQAno3wxhCqL11w==
+AL2/ZQHB5wIxRsm2ciHow==
gj/N2DMTL3KaqDYUNz28IQ==
6iQmzC0AB5R2RKc4k8Llwg==
QqLo4vLgKbDum6ZTmhLyuw==
IDOsHSrWUCfo3XQvt7zj8g==
yuRqw7o31hX+3Mh/EZ0wng==
l7qMzxWVclwEMmN3cY7USw==
4hY56dLfcX/ISsq6iXYyKg==
j78LgMMmIdBhiKFmpj0jcw==
fhqLBecq0I7lZvmhI0Yn3Q==
wcq746ruM6bKaCngzBiYFA==
QjZQWh8sMbshRInWeEYUhQ==
lcs2H1Ujbw78rK1ZeZ5j8A==
e4k75FkVy9z9uZ5B0TRL1w==
wuj7aLzD7nH+NlxMhyDtBQ==
y/3CIuGdvZigFTVLaNDvkw==
OUwdwUOwC6w8KF42tRxWKw==
PN5NKBrMAXjdk7tgDw4y2w==
FwcyqreZ6V6Rm//dkA/B/A==
UyrDFr6bW/y7JH3O4T8mtw==
00ju+eZuZOiuqsE44MiVcQ==
vcbJAtdZ3ULaBpma/6dwEg==
D7NWZJh8AKVVt0OduMKkXQ==
0iEwQHhZqImj5BIBVIMsew==
mmbxIAIYEBEkpThu/kEk4g==
N/WS3AqfS/fjonWuS0Jl5Q==
2tEyINuUlaLHyWO+CN/H2w==
mS9GvQJgzn5A4QpJLUPwmg==
N0UrpfJ6bs6MBaWiW15D9A==
swq71I/HP1Klfb+UpOOzTA==
lR97jUr66X4329VnfYtckA==
CO2PKlQcAJgfOeuwUj0DYg==
PSyRIdgDZ1IHFXLICymN/Q==
iXGG7QzzgVZYXg8yEnFo7w==
uBrIcpdk9ry6M1M62754ug==
dcRtAhZkAf1i6yIG9PF78w==
Pb3tDunH77DYbUB+FoPYyA==
k+S6B8It8uPoji2IVaSGgA==
gCwbOnVyTNXsI8QNbLHXpg==
+HYlYk+uu+b3htjvM+YAvg==
+JkPhGDRvJyeSeD8sSWcHw==
v/lvvQdX+jaVGGR2JVaLKA==
a7yX8e5KSxTSFaegPZ8upQ==
Qh2mUu9sow2yfatQX5qgEw==
fCvo5omucrRn1P4mshFMJQ==
ee5egZjqOoCYfgZoptsYOQ==
uIDmcR+/MxRSpCQSOioInw==
rZZVy2XTARIqchTwkhbDKw==
YGoLBRVW5k2BMgaBqj5W6A==
S4SWr2WETI8g3aFOnc5KzA==
tpOO7MZJ3xX2TINTrmEJdg==
RVymNi0fmSZMJCMjQZYcWw==
3ytPbzvtljs6+t0rUestqw==
ijdY7v4RnQMZkmugcYnOBw==
W8MB4p408xe7by5GElsFyA==
qfUYF/fRfTA8N/30oVjVxQ==
rG7tpzXfuRTaq7G+7VI0BA==
iAAVarE3lIRKlsidc4Q9XA==
ZAkOgeGK16RY39Yqrlrc7A==
CCx1NnEA1GMgBDZu/V86BQ==
3mBLKC24dTMzLATwFi0Fiw==
1sMgR9lmuMKr10iFbj5mJQ==
o2fQLGPwh9DDbtJeDaWNzg==
lAPL6Ww9N1QX3vVp76Elmw==
+hILJAH+RTZqnz58X/DpIQ==
mS3pRrRkTtX1R9hilBsYXA==
PhXbnyRGfXPlUTV00YwTAA==
SDK4DtDjSngN6P4Qqli8YQ==
fOe/iTlWSdhc0nezKZJ9UA==
G9pObHbKRdNCfxxOBpuAVQ==
kUYoRfRmm613Q2fo4ZcK+g==
Y5uAyZ++dj52WS++wCJHIQ==
FE7sWhlwv84n2Po3u34AVQ==
DTq11xTiVZ3KyKjmxSFOVw==
22NEDQ/x2iPxWk8FRjY9mQ==
DFBZdvjl/lXrdWh/JOy8cg==
sELeHZUDIHs4N2DQ52/nyw==
/Ec320juHxKX7thUeicBxw==
J91Jfy0yoQoPMQX2NXldLg==
ovDfyYZmpCAem7SGeiBXRg==
3gG8th9g6p+EOETyAuEmZw==
hX+kyh61ob3OiFdn3b2bog==
rvh49+4JsxNv7GxMz/fkUg==
zjh3wxGRFJSn1S7WwF/0WA==
UA7QERdrG7rWo6cpZyd1IA==
2LPCSQfoU9YZSfUF+SxiiQ==
scVHdyPp2OOBA0S/0jK/Ug==
aBK/kr4mLcRo9nEfiq1m1A==
SlHVLaq1iotBsXtoGM46dg==
FJGw+5YAgoHcwmVx0j9oYw==
FeKjyfAtQSSopPJfduqchw==
byMHcrgAZS/iIKU2um+htA==
8zVDNrhJhi1E8i6fFC7HFA==
k2jbCaAED8roCYgCkr9FuA==
FwqXje2I4pn6ymiySYUNoQ==
fnav2YkXBW8W2ualLRNBMg==
BJKx02bi/B7B61Q8cIzuVQ==
4Ex8GLBcP3gdFWpTxcPv1A==
EmHCBFlbDbBFHgo5wdvjNg==
l9g/MCPZ1DwJz9QVaBoAEg==
TWxIAd9GHmas21yvOYQJcQ==
diAo1O/nvVkvBz5ekaBN2g==
cjmpDf3L1Ep7tUgvBqGYhQ==
uMZ+kP53aDjjibQzUP1rYw==
ug4waxZYv9sw+OXQRbcqWg==
fa2VjuYTYBwSHBZvo+gwUw==
cLDuzN3C3bjMxHwrSagUjw==
oOnDDxFL63KraF9gFx2pvg==
k/bNashdACcIUAxR9EK4fQ==
+aJ7WDwGDRRkIV/sNmjt1Q==
om5CovcdOEN5Z+773oCO8g==
OJkyJ2px01Rmg5v2kwNenw==
QdaVxj+sHHihico4nqqutg==
wdO+cao4pDzcRPgtO5i2Jg==
1tFiTm+WLBoDbW0ZPP4l7Q==
bUBkWSYpNGx94KqadzSSMA==
6+t/1aWWnm5GanOAdyZctA==
EuSZDv6rBKHcjrLwkWV1GQ==
AyqIO4lYKxefabW3+SPPWA==
GMK59vLBqbAWM7q4XUMYIw==
w4SS5o213pKPOG7VEwyOUg==
u13gfkkqFVauX/F/fWDhbw==
Oa99lDdNlnP8QwoRW7tBQA==
2pBUzLk8Tg2f1dGX9JwmZA==
Li2n8KOnr2oAGni4snQrzA==
QheHDM0c00HpYRmecrDbRw==
t+RKi9QxDQuKG2SMRmNOtQ==
KzgR28zt9HZ+N4CdaEJrAg==
Ryfon4Sx2rlEZcSnG1KjFg==
EK1bt81U5QBOKt42AAJXmQ==
ZdO1nB/JhpcAdprUvaukHg==
EZPO9JWzHe5svkOr0gs9BA==
idlUuYJver4lwyqSTKrTnQ==
x8j30zH0dJuslo+eceg+jg==
leWJsM3Aoial4Ec1SlNXxA==
0uDfj6gtxLYRREi1DIELbQ==
C4dy3YWTZJVgoHS0DRVrSg==
h7SbIjRolHFl/i+A8CEK0A==
ZLb5WxPHXnb8ui4NAWn+AQ==
DADOyiu+jSG5uTcMcG7LMA==
BnXpz7lhK2ktwadauI6nTg==
XzA+LELjjBUV/CNBzuewIQ==
gNp1IiP74I1zPiG6fZoTjg==
uhA2kv7ANHg9WQvaoygHZA==
YZgfm3XGYDzywcMve2KRMg==
Ddy7P+R9Swb8iZ031Q/sHQ==
060gAOL9DW5M5h9E0hP92A==
NDth2aRcxYTsfwi0nJ7yGg==
XJ8WLWW2DZNVjKFEHhG1CQ==
8VOrA8KdSCNwz5JSIKJ0Tg==
NjIpwft2ZEsZB9KsEFvoaw==
CK7+Zk+Ak4ONaMEa2PGtDQ==
QPe0+BQ1Q4NRbRGCXb+jrQ==
YhW3Yuu4nXAHmYKwkpTIag==
i1Kly/wrfn+suFjBcCwxqg==
88S83aoCjSTyXmhdsLy1yQ==
BsrWrxLMIfJw+N7OZtHWRQ==
xRW7lhAGmUkP9oxaiVfDrA==
K0qTbjZAA2ARzdEdX8hvTA==
GnSIQko82DD4IIU1DovX7A==
+g5cHpKuEhlwsgwUPfy8og==
LqFvKyCiOWcwkvWTFihdQQ==
YkUri/by98BRJj49IAKB/w==
A4fYW1acFpOrK0vTuwWc/w==
pwmIRj+G4FOWLMwKXrJAAw==
HU/UwKqd9Fa7oBjhhjYkOA==
R6KaOPjFHbqD20cEg6U7EA==
fySF8ZpUA5t3ivxvPAtrrw==
Xaly8go8BxFUfLHSUsenhQ==
RrfjSP6o+XbZiWbjrjXCXg==
EQtgkTxSa/nlqIRQlMG6JQ==
cvDaww3+nqICFZHt1C5kSg==
tQjDaO68fS7ktl9s6ds2MA==
r0as7wL2UHuN8uxh9VcczA==
+MBQjeH/pr8v0VxppDJ2Cw==
4SYXJRZq2MtHfSYKg2qynQ==
tcyZBoZZ15fSyzWyKhmE8w==
ImrLiM5moZi1TBl6cO0aQA==
Iz+inIxst2kbECWEhgtujw==
JbeyALb1149Bb3s5chqJ+A==
YzM206XfzcqbJxsqJYTP2Q==
pArCqGa8mhmXYbx9AXoZxw==
VxYSxlA7aWLxAKblTPzHEw==
tU8CMF/Tdniy0TVHblf3EQ==
9uxkIr+3kWw99pVN4TRzEw==
PzGQYJR+jP1G/KrYB27DIw==
MEk0guWm0TVWMOHsB/+wXw==
/du4mPIdiSS37L+fSQABJA==
lCXSEqor2YWF6B3Knzf0Eg==
ryVd3ct07fnvARxeTjKFjA==
aZtIilhXjgLUGpECHjYpXA==
SR5spQjdT+7RlfjT3CoHyA==
GK9C3hZsPNQPMQrJ/Wtqmw==
M6H+lGMfmN9K6XsHh5H5lg==
nIZOjCre2FTMUnoVR+HVKA==
EpiKYYhelCxAIUjEmLMfXQ==
3hzOuaTloeIvhQfwi3ffbg==
BW1rW6B9Os2xzY2p9zlBFA==
QRSKGCDztoUNqCk5HpB6jA==
D2wBMFuDOnO7ndZ82bDQ2Q==
K75iclmqh2zIivEvWbv7pg==
cHcSHFzRTxCN9/XSiLuzpQ==
cn4oql+N/guw1z9bEhDoPg==
3jUvJJcs5KFRdPDJUlWCnQ==
FUgoyb09ln5jCAUkQLsnJQ==
ZyuQUirQnr5TXnb5dPkOSA==
LZtNceCHC/sqW7+yHi6NgQ==
aWgNeqcaCN9DMeGQuE6FFw==
pGpbYO6c7WZo6IMKJmDyRQ==
3A+L0trgXBSYexFy1vQahw==
m2gSFZ7KGzX2IX60Fbn9Rw==
/J7kKzuhKXgyFSi0N2BUHg==
yI0WdZEb0kRGRoWIKQYVRg==
bEVN/IrnA0fvJ/FlLtmbMw==
FGZz7p0FYz0b4iUQHPOixA==
GGV2ZtaDt0M2RMxBPMiClA==
ybDSQIdSBOvy4gn0rEyOkw==
AlwYriylXx4tYcINXjhdLQ==
0Wm91vhBfU3oWZYXW9AlhQ==
ssQ7X04H600GjbvEvoznlg==
ubRwjdGLqTteWZLLu0G7fw==
3aRaE1dS0oQNXMuQ13buLA==
k5QXCQY5GtDynkC++2GsRA==
OO05EIiJpknr1ex9xJiwDA==
q7OsbV9Xf8TaZRC68lzELA==
5Wzo7KEALnH9BLKhScOjjQ==
1Oc/dewSagenfUOuge09IA==
IEeQJLteLLYzhiWEi10M8g==
Mn7Vd9iqTILV1rutunbWKw==
msuY5zOCz4c7kLQ0CFHhIQ==
gg5guCveQWOE0r31arbdlQ==
wa7g+1TMDjx885WvAVYe3w==
q3NGUfQub8f8XJ1tbf+N/Q==
1hawfg5xhUUCyukZDfB9WA==
ZeH4s1n5401uBhfxIGkRvg==
p1ye9fH7zMUceijYsl6/9g==
8iBBfiVQvkD0Mr2Mn2Y48g==
uODcySeeplssLaNYSQqqRg==
kKCmw16+XIUN/eFsQPgH+A==
Xo2/A68mC44TS4MjTBvaRA==
iFxNIg0/EsUcq9epJo2ncQ==
NVzLbsY1h++0DxLVoP7bMA==
byqg/loObJYLhF+rKkwSZA==
27Kfdh65Nh08ihgAdevQiw==
uozKTRmRGUxrsE6elkoYww==
jhKP46bjsGR1fNtnaDpVmQ==
WqGjl1FPITIbFQ/tIiJ7LQ==
UeNkNKIlbLIoAae1RcQCqw==
lQ2YfYCb54FtWWf2qRr75Q==
1sRHwcIRxxcAL5dfyou5Xg==
rw2h9wjYbsdKZMlwXPfZvg==
Qy/4ZtRGxwA/eLkV8Jwp7A==
oum9IMZ0O4pPhZk/Tdq44w==
2IXd9Iotdo2mPghlo/trBA==
D40Lw6Y86PLHkiB427Jw2g==
78YvYF6vV9nzA8iCX3zqIw==
C4kxMMGaFOUOL8E1Zv0ebg==
lAxfVnDZ85HymDJHINaMuw==
LVQ37gFYRulS6umhOOMYMw==
Bbz1qfN6p/HASKee0EL0Ow==
Da8mOWjTweQojHTwnPdM0A==
YszOp9NkDnBUhXbF3tpDDQ==
d2fiAhIeY951s2AznI8pBQ==
8Z9CZuUic8tEGJABZp/cTQ==
RIA2WmlLKNLPGIT/ymro8A==
XTbCJH7NlCaZIdudmjerWA==
4paq0z0pbfflx4ysEPPVBw==
PKrTo09yjg03Xyj/inw0Dw==
LpeSG02plnTTRt6oNguSxg==
t+KDZR5uYK0G/InmjWKDtw==
8tIqq+VozuXDlYV30JS9xg==
lGyhtoAEhKtn4UmBUBY+mQ==
yQkGPaurPLEmfSHShFHHHg==
+VfyEkFm6gn1pBEq/3Klqw==
SMCis/tFESNCqremx9mQKQ==
ygjtS1GdixVt5laH/vhFTQ==
4+VB1RNjN4Iy9bfhtH3/tQ==
qXSEFzOWv9c1ecQs3GJ6eg==
lwyWgVeWyKLq5o3ycZMbDQ==
PGOax1zZ+ZBikNx277IykQ==
NFP0NXv13k643qMbun5QpQ==
2sKbtH28SRwgifUfUBABSA==
TzpbgyiWR+KhlMWSmE9pUA==
DcijfXAWqoJ9wM/WkP7+ww==
EM3B/y2defjBxs1VUdoLiQ==
+2y19CU/+23bpQUB7o7MXw==
SWmEuV1Tkby06fN3T93eeQ==
LDCj0aah0gjZYgP/4OoWiA==
pOxt4xWjtfDoLnKaJZEFnQ==
BYV17/oQmq77slUmKTYMSQ==
VMlSdVqe4pl2csc4XdjPJg==
Grc0KMzPbW9kqNqfDI0lpQ==
l4zAODp8oJ9lLDM7/qBm5g==
J8kZgYAG4j07AX2o1w69Fg==
pDdlrcBzULzLq2BLFjTfyg==
LOJ6X88XpP0c8ShwaWOUXg==
LwC6Og29cAG2i1nABBvxsw==
LMbYTurN0t7UrcIxOC80yQ==
8ajT9O+dkw+ZoWGRty0g3g==
uzRomHNvCqWaVEMqGahDqQ==
vsYKlZdNS0xsmih1nG2rpg==
ymElvQS5aeGbfqe5CplVBg==
A+1GIsbsjni+wBjUoaOndQ==
sKJlhkZyBusbC8AZrMUQUA==
wr3rWPtg6MaFOUg3hxNFcQ==
UhqhmQeS9tZEcnogRQAbBA==
SJNlaRDa2NtpQjMrF5cloA==
at2JvySTYdSLujYQ8nJpGQ==
xEeyg0YXefhOPXqB+5x/dg==
T3DQ5HysXWEhZq3MAVcOOw==
DTrXQKMw1LrM7VvSIwWs2A==
z2l1QXJQ8q0/LAMZppPNgw==
V//2DsRCBDjICqhZ3TMZlQ==
4jaA/WuFkK/R/RHl5yfXaQ==
sD00HAQJIUP0Wyldb/rUmQ==
Niwie9dVPjd5CeFsekuGrQ==
nNdpW3YdpDf0xVLqSvZWsw==
MO0HG10iO7A+9VUKlOMZ8w==
3Ydo1t7m660/8MPFmGmGHQ==
Lptq80XdiclUzrkIOmXY2g==
h4IA6wKgez/9nR6nEtREZg==
fmCNi3UaiMaESgOgxHG7+A==
d+Rt0f7sPAKOMIsqUOj+4A==
mPsWatKQyrpFML9NAZmcoA==
DH2KZinaTbv33pOnpozNwg==
xgF1KEjhW0laqdZJV/reqw==
S5j5jub41kJEBSBVzYGing==
TIRcYgL8M81Q7fIeHDOtsQ==
c3B42W+VxRO1DG0kDg50ig==
5XeJlLPD60PjdJ8T8EGW/g==
9No8Bwe23Pb4DMjUfx9+lQ==
biGBTsKrbcNPLe0npUbqtA==
5+jBzpH2ZXep1D2ZHZqeUg==
xoWY7llsh8pB0b0lxkohEw==
r45/Enkx8+EEnYsgn27uww==
BSYvm2o/xCKvB9skq0EsbA==
5Qz7VD8a1TS1drY2MFiuDg==
nQTMrNof0MFFgc9TuYyUqw==
ZATIMEj7F65viOLj81f3BQ==
GTjpuf//4U0fG52Ga0JRfA==
cxzdPcmto/Wk6opr3Wppug==
kZ+4+A2z4AZjDzvItD/yNg==
YetbGatttGEEWWr2v7/6mA==
bEtzF5iG58El63kHb6DsxA==
NVLjlafHQCZlGmruq7CYZg==
KDeA3/xd2SyD13gPyQuifA==
j9T34G27wVpcMS1pUp8Vvg==
WnWky2ctzfDAbb7dXQcPLg==
KhjGtQjojvaMSn1aHlXlSA==
BztelX46LWr31IVBleGuRQ==
pXUzY9SMwwsELYHjBweI7w==
tgzDFm/R1yAC3hb4kEhIxg==
1o+UdelKsfP4bNvv2wwSBA==
5NO8JEDv0m1wU996054WcQ==
YLGdfiOfKqFRRQ/+LtbEtA==
KZfefseW0VJ3YxNr7IeqHw==
HaqsHH0l+mC8XKkrHOg8/w==
Xp0xNgPWf49PwysevcVEHA==
saCv4ksW/hD2Q4Og7RlcDw==
fSpIgYreNbic8WAvMJgEzQ==
9t+rndESt82UaWW8GahWcg==
K3BGgOUleettehL5E3H4RQ==
+UW8tAoCRVYwHcEpKqLlyA==
2dnCky6H+Rm5xe0qE3q8Cw==
7kb5z2y0Pq4j8VBFqYxHDQ==
QMre4MSqZ8zm8dkTgV+uNw==
AAp6hwilMDTGaLfp0uztGw==
tj3MXQFN13EkvItiwzX5UA==
pQSmkgBFd5UPk7kC0h1fDg==
P/ttx8hIP0Wx/4r/PRb3CA==
o2U0LLD4kHO99gRYAA/vbg==
HTkpFwhYrmZ2mtyoWs75IA==
YG2a81vJQFOh2RGuGi+gFg==
zIQy2D5Wp0reaX4D9RsjrA==
05qZArBoR1LsVzzK5u1nEA==
QEeOyhWGrvhR6iCXT4fBIw==
3fWuY7vkY44KQb8DuWerbA==
mWyFrgO88TfDNbfmpMd5tA==
RYZgTxnj6zApjpDBgevZ5g==
aGWh9tJW2Hr51XwKYAs4lA==
ixwiyawQiTVLD+llhjvrMA==
jjcJHCZesKexowiVVMt4bA==
vtOr2v8GHEQVlkU3TlTYYA==
Kkg+sxQz8XoPUvTaHR2mRQ==
zjOml9cAPCd8cLRHYlGmCA==
/8nwxkNoGebPAbpd5uduFg==
jArWEqZoni7/43m4aHmO/w==
EwKPWLhUBclQ88FlDYaDzw==
t1S5ZF5hvzyonnBhb5vjkA==
QvNSHlxgccvPZMdF8Qqvag==
ovBe2NENR4jllLh6wjqChA==
IvHXj6LSX3eYcugq244CMQ==
s1NHUTTm2v0Yg0dQIXGNGw==
cZqSrPeerwtU/SGekHKi1w==
2LAmrtcjbPJQcRD0md+G8A==
9u3lO2u7ScILgrzF+Zg7Hg==
KWJeugggIDa7VfqHeKu91w==
p9cwsNDJg3jz5s6HP7WBhA==
+Q50GbRR2dyfb4NNUsy6GA==
wH3n7rcfJk7t5qmHSDHlkg==
NpJ1+yG5HfcuH1LdIvKS/g==
IF04NUw1hBGxxw2gh6B10A==
5uOLsCHLPvxHZf94M8LyPw==
u/ZKRy+N/mbBr6BZ7x9QIw==
GY6fyIePC7qVlKm1yAMUqg==
K6MAsQymq87l77fX0VmXwQ==
WiUjYrEYD5l314Xis6KyAg==
Lvd9ReR8OkEJyqLiOh0uUA==
bRGYEV+6T5bI/700b4Cltw==
aA0Q2Pv7YcV7/s9ICOQESQ==
WatXpz1KEDoR3qS7gWwOkQ==
NxEMxyVyCazEqD/absKjxg==
n1WiFC4Thj2pPNkUXvEEbw==
euDEToaesB5c23d8NOiGnA==
FUIPfWWjxB1J9B16dqzTLg==
X3qBgWzFsVBdf7JDNKrMow==
0wlqqbbHBIPVWUFw9cunPg==
flEZ5M8r1GppmjCt4c7myw==
DbYFb+6Y+pp4sm1ABx7rwg==
tTJhfLLjh+ygpnRUbTtHOw==
BtlEXOFwtDZSX7/6iw8dVA==
fbMrlF7HCQbH2bu4vtdDDw==
gMEN/UQO9iNvauMjEAin7g==
Fw+uxnPuXWsPWy5t/ky7Ig==
IMN/KWVkxPkobmeDENxqFA==
cvO+lfEmCkkr0o1g1i3ALQ==
3xcEIEdOS0+jMBjjJe907A==
3fuCCoTDY2hWmMjQHWuHxQ==
4MKVh/WomhDP5sr8Yyc7+A==
cg1XYWpnCCzs/iqVQ0uj1w==
r+BoPFzIg8mb3llX/rlRpg==
hcqXEodYPNH0AyvYJWfE1w==
1Ilgil12UgLGxiaPTAA4nw==
PdJRo4EtGMjxIKuLd2fgRw==
qFr0RlAwdFiicHtQ38W4dA==
gfSMHI0Lbi3CiBGFHa8y/g==
TXSqEglroyM+0KiS8vGtVQ==
p2WTfRpR4le1LzTqoJWcVw==
8UGnIgG8SFVmF8uiBsrcQw==
a5OZsXlyqYKJyp1OB8rSKA==
J8U4CHmVlQDLpSsxL0qjNw==
/eHCkyRrd2QYwpNeQZRX5w==
fntOlyoPkSV39jogiwRdkg==
dgzGvSgqcDErBNM3TItmDA==
qQvU6K6nz7GKC6uYb+P/Sg==
lLYxyj29j+TBO3cA1D50ig==
ZZV3matWxhMt0GPPLZPI2A==
dQ+fqPCHGaNMk46MQ4DrHQ==
t+IW6yIWwh8n+RJNyGnCgg==
VY0VvULJZw59XW4d4d8bMA==
7MLeOLZcDcULZuGYge3VYw==
vc00Pz9QRVzBycHaEVZw+w==
RHjz0WdzbrBxmcKPQ8xKtA==
YxC7TVK5et1dW3AVEALbrg==
TpVWlhUZwM8uU0s1k1hEEQ==
b7sXlLOU7+ZHQUYyOgpCLA==
bJeBDRhgT/HwCaSQKztn9g==
cDZaqiDjkh2JNyG3iVWoNA==
z5SHKCxJMQyaJothPbRHPg==
rBW0kXKugZprltdSJjVCUQ==
TjkT2ppGb6JT2HkwlVNcMg==
NAgifdT4XR/JxFhk3GpwYQ==
dKotT9imXeLo/hScD213qQ==
8bHmfbSaZxFM3HP47VLKcw==
o3XQnwtjgEk3qd1iln3hsA==
D4r+bIiskO/96cBFqUVBZA==
/F+QH2fRcWqMcvTjaOX2Bw==
KqRgi9yDvplpqQ5BSKvr6w==
i6RRXAUDaDwt6rDwdRKtPg==
PX7ogxbQbMoVSnhSlkmAKw==
j5iK0mEHUxZZKMkTuLfPIw==
jlJmUfwdKCiZTZW/JedhWw==
UzPZyMXISH2eiVv3Et6eOQ==
MQUeE8QJM6tC56wsbPSPlw==
O4qmjkCnKS/s/h1ltl/YYQ==
F3XVHMSqVkpbuOs6KSRZLQ==
lw95jM6vFM8CJtWVCsSPAw==
FCYa0MSaK9/PRuRJ1JuNNw==
xKiBiqwNdamwP0TseN1laQ==
yRw9L5nLQZOoF+w+vngPgw==
Fhw0O4RjMkq7zbqJOQLeIg==
luvfhQVujlrYu2T1XTiV5g==
d7bLefKshAnEYqifLJex0w==
+mNnWahwaLCH7VH+yyWC3A==
8s0AV6Zr1JqJG3iLeuj7Sg==
rGSoUFBAHZlnF2rkx5+6RA==
gIdFkhMMuYTaPzmjnvo9Zw==
0f38bekUZk2T+C08ev/rZA==
vwcr3xZER5ABJ0RH4h3Ibw==
F5Oz6MeP1VWq9vRPh8al7A==
AJ/5nQmICC+Ebypb3E2NJg==
jn9R8bhRjwhIqjXn0C8DUA==
IuMFAWxagQVkNC5EkLUoqQ==
F05ZtfLQg+yBKxSDQUsIaQ==
HEfBJFignaZN9QTX/5b0GQ==
ec6lvAAaBp5wsvDOxLQWeA==
87CuiIw3kSr832+pjuts3A==
SyIQLh/SIcqvfGmuKcg7Zw==
zKFTTiz1+xwLC7J0ZSmH1A==
mcVGOGphl8ZgWWNqr3IYrg==
ppPoJ5jVVeDJs0UTSBLGYQ==
cAnKwsvScFWVtGTmniL/hQ==
d/fGm5n/rMV1NcOUz0XTjA==
RNxuG44i++ydo1JY5u52sQ==
ncjfLAu+NKZ+X0SIkKhUzw==
s3B+RQPdovy+9aHwv9rQyA==
89TXb2MH3JEzaNdnsLq2sg==
vCH1e796X/o7t70zpIwMoQ==
sD7PPj6ANEiARNXMXPutjw==
ticmYvVRY+vCpSXtyp2nyg==
Q9HMnyK6yAXZxFnMpxvYIQ==
vCJld6/PQF6V7LfXVxV5PA==
utqZ8klBQBoBK6iYtgOA7g==
O7XICq4iPDggZ9YKEC1arg==
EWbM1c1vHP0fH4lLSdGBlQ==
6fKjv9HwoWrCAAY5c8cQzA==
6ueDgw6Nq2artlE1EbP5XQ==
v3T8Qiky6XiB1rW84hLJzQ==
UJGwyCbSxD28d6YrsftQIA==
Qr0+sH8TaSeUpD2SzPb2KQ==
Dc2lGDhV0YkshYtEQFfvsA==
P8a5xS6k+M7N1ukwuIUPtA==
z9MYPDQDN1zRcJbYgvYHvA==
Xcx3D8C3/zmh8BBSZ7dSAg==
a/OL6LqwdEBMPPX/8jexKg==
bdIDBAoq2m+RKUNRvY/kyA==
xhEPgRdHh3ahhs2vHp7vgA==
mu+VEuGCuHTHMWc5PV5IkA==
/55B21e3+tfUzOrja8S7wQ==
utyi8TgOnjoF12SGbW1HOg==
w9JJNmiHiDLl4mv75gz+nQ==
Nx3+csac362/vKOUsuEfJQ==
dU7ZJ7Z+oTJRBYDUYnpFYA==
IYZtKSYBrEololAjjo69RA==
Cz6QnDyrdmvumQoAzwjgzA==
39B2YInRf5MGXYu7PEHwJg==
y6DGFR09YE5xtc6nGraviQ==
MlBqSNZa0QNoXtaqLCs1TA==
T7iQGlfHi0v0Jm/tDuxwdw==
ihmyiKcii4xK+kV4NskJEA==
ww1eOcohlfa7ZwQYtmGzHw==
b3hYW83vwPnVl9Kp8ss4xw==
cT+G5ECiIUJvDegupCLB9g==
kfcdwPoCWKZpBkJXe4p9Lg==
Muqo+VkEb9HsJT5QQ/0i7g==
+giEG+JEzZ1pITpVdS/1oA==
1kFmWLRiTzllJNoprtGJdg==
VtHkb5Jtq5U1JUElGBKW/Q==
NwNNrQUonD9FzO8D3QBGmQ==
ESmSb8WeHw/M9JgHPkLQUA==
p8bRzdXSXhCQIy1v7JABDQ==
al6/yQUzLkZTA+IUWDNn+Q==
R00oR+mSe9BGABp9N8Vo+w==
W6yBLi9Z0IRj0nY8jERehg==
T56rr5pMbpZqnKRtTtAhww==
JG+wTRkcZAC7D5WX3dPw9w==
wcuafTDQ7kkD9fCZSKmKmQ==
TMS8OLNhCqFAsBSyMHqWJw==
bqL4J++LjMztOJetIUtkEg==
hdEl04CTJXAT+OhhheM1fg==
k/fU/9uBLnFvgMo9R4Yhzg==
dw67OflU0doHYY3JKGJugg==
3d440y/eqX4TloEuA+zofQ==
Zg64ylI0Fb6c1VJXuS05kg==
YmWimVtlF16g+kmFw5+Jag==
3i92pWpjTJBsMk1Glaj1RA==
X4eMTunKkHC7pPllNGgzmw==
FFsZkTFhP7p/fUIOQQDa8Q==
JzhkfCcqWZZ0ArF7aA/KRg==
s2bJ6R/Mdj4nXR/mv01klw==
Eoh25acQDCsi9BqhWoZS1g==
Z/4lJFkvgW95+xwhBJJKjA==
G1sZumpwtORURnYTSyi1PQ==
G8AKcnhoMn5LJMa5JKmhaw==
9r+XXjOOeqM46yrnP+NAEQ==
Cy4+5YN1TmLCWKbGdkB4zQ==
RpgQmyV8bvYy7ir4obja4w==
idPzUCPUBhE7kebsK85jvg==
/eEtRwcli7F72/t8fCUNAw==
nq+4uEfP2DTS/SMDV1E7pw==
tNljMhEsFJxgYDO/X+vjVw==
7qUN/C1tsiItoli3eoE81Q==
sWdJAJkS3w2xiZVrlL4oEQ==
ceBwAjoJ6YpfXnUmdm2Ciw==
tGL3Hzd5FyP+HCnu5EwsXw==
kLAT1KcTeh3g2ie5kmN9AQ==
BBkkWO3dU510PrT4fxyWxA==
ogU9etkkj+zKj/TBOlDDQA==
fb+j4uUPoTgTMKhTZJwn2w==
UE65pe2eTyIeoEuwgDdlMQ==
KSGGpf8M0p1n4KHwVl3yTA==
Ds/r5X0iUZn/g19qr/4O4w==
7ydcG6G97zt44cAmJx6toQ==
+X2lYHikdlswwTtmCQjuOw==
lWMkvMPT0O+kTiN/hNyzlw==
+TfsBPS5fpEHYAjtn2sSfg==
oXI2rn31Xk4uMHQO95goNw==
25fZv7dRIVr2vwZZuuOezw==
h3DNvFo0n0NmS2g5PTkIZQ==
BvSb0cm3MteKh+lK4XwyGQ==
n+BW1yucGSTyDSyBfzx59w==
67EfWM6kRJJvKQEST4zZwg==
Bug3N2wbwg2rE++hosypNQ==
bG0BUNmM90muc9NRUkqvOw==
q5SPUpmAQACAZkUba+U/tQ==
nOer0y9p5pFhEQH9txG3Tg==
G8PaSluxXoDjGXSvqI8CBQ==
ChViDrK144oVEGu1RGH7ew==
1Xy79JVN+3gykyVkS201Pw==
KGIRZk3jdoJiPXfckyguIA==
0rWgbzLS9QvjP1ZIfbHeGg==
v/Qm5Ha7Aks03KZ9tlW0qQ==
8v47mUqFYSh51pN7oyj14A==
0UkXkYMz2r3/qgWhGEC1Jg==
NcTHh2LF/KPeMOP4d4HWqQ==
DgjC9yvcMUl8U6+PsoWwVw==
fIzClepE2GcGOjkgdXdoNg==
NGWRYqU+GqR3/ShYzKnHVA==
GDNWYIzwB1ZeGl3vNRZ1iA==
mxGMkCIqSyoVIOU/JEjlbQ==
R3XaZp107UeC99A/M5Yxew==
HiePXH8eoodTmZf182ym4w==
DeH0GzExaG0k9wbiNYuIdg==
VpwYLR3W7s7WtZnxlsue9Q==
axX9WlxCf76Ltq+NSWZbJw==
MoFOCOmihEH233EGn0sAtQ==
P7kCzGCi3jVaoxqNUz1o4w==
wjYwgZ0wRjGl9L06ZmPn2A==
1OmqfUCRs3rB35x8Tj/Qbw==
Akmf9MpQpBqdNMrQ0T1M5A==
mdJqaIq0zsvUUF6KBueejw==
nMpU3JGNFI1M9eEWuiMhOQ==
vPz6jMvwUEkyfxzFJI1sVA==
WSS82NQaySkha2gyxp0wAg==
j77t3gIbEWPPACeNevtPtQ==
wGV7UneB8CDyytJ/uhf6yA==
pCDLcQioMaHe90tO4xsJzQ==
MHMQYczK7YUuZ9YPB6Ox2A==
S6qWNDhl63hQk5MHbBwD8g==
pfFUo6vTYdqJ0x4b7KqfnQ==
zO8iuscnWH+lz0xOtIXXeg==
ckYlZPI5ZkYptAHg6cGxdA==
C/+22zDbVHxK+f9aVIqqOg==
LEduO1CLcxjiu/MjjxTnHw==
PokjH//l2dF3E5uVjp5Bvw==
oACST/qb0xvzL93IkHQTpw==
O7fOcjLJ8G2iT5icIOQUqQ==
8+h6EJGM4CNJXWBbeAcaqQ==
E+Dpq2xOijGCd978e48p2A==
7O28yC97ML4PMWwFAcyz8A==
hwm7PLXdCPw0JxijDXkKgA==
qxjP8DJzOAhXT6s8HleIew==
ADfCSZLrAeg7nQTfC6UXAQ==
0eR6iwcQtcfKfCwEmFcacA==
CfRvhEwgkbVdLUuxJi8RyQ==
8hiRr1sTZBTvRdy0FJXasw==
5t+wmxYNrYozyaFJhGtFAw==
4Mms4pkQ2UfdxBwkOX0ixw==
U/xyGclmahqDLZb+1BfAag==
S4Dq91e9hEVS4v6m5bgoWA==
tuwCXaT9ZKXdGDgCEdNcGw==
ltdHE6nfKZRkvEeqz02FYA==
e3ikCB3dqTdt8qAxiOiMNQ==
kZ0ZzmZkg/Y8w1mlUs1lSw==
iLPhkqdS5ebb2cX/erukmg==
Oy9uIjmkA79c1gv3sAoRDQ==
SObXaBt6iREt28zMkeeBVA==
6dLYyb195fADqLIq/0+FbQ==
iJZsz9nY9I+RfgTqKH7wRg==
yANPqVAh+OQoQrMhOj2W0w==
Ok7m5e/HrFhM6dsoS+PgAQ==
yi6Zoul1M+EZs/LgDq67QQ==
XRyTi6yeISwLcT8pp5/Urw==
QufTAkw2K99MgnTdvGeQeg==
cB0fWcuencaD2snzj2OIIg==
dKZnLU9B2aK7O7nWgl/Qsw==
3nWOhpGiHFVujQlxNixTRg==
6x19zx8QgxDaSIpL/tz54g==
tTNmnJbaGgrPKfLo13EdGQ==
kCSD3yrkreC8kICbJvEVEQ==
GgHu54gX4siXQSC8OV3nfw==
J3XTik7yibuiAM0wJfOHxA==
uGngkP7EOKWvdIabXopZGg==
F5PsyYGWWHlyRhcVnrnyWQ==
+RvpsEDoMWpnIfkyq/Ms5A==
UnbFHK7QUd2cGS8Vvhe9Rw==
bCsAE7z1fomFK4dfYAJ2gA==
BHco6hTJoPqPlvoghJt90g==
Na0PhjW0bimELUGCf9QSqQ==
w/k2w3vmK3GTvTwRmY9ugg==
aLi++haqznJ4itnEScnUKQ==
uvVaYN7xGNMC2BuFuhqVGA==
EqpsY9WJ2YGY0aev7bfF6A==
b8YjO8FRvuXmmnlEkYgSNg==
2DUlTpmFDld8P1TcgU6vpA==
PPY/ZDwBdrFGFWIvl5+vDg==
iBbfwOQCije1EcEhM3V+hw==
npmGnR9UUh8iq3wohJ+PZA==
Gkr7YNzNfVn47A8BE6a4OQ==
D6ZjZYB2Xkxs/c8b1SLpIg==
DZnx8mhjz8r7dxFmr+I8JA==
qOEfBW0b/oQ/HUfNvdpYdw==
l+jDN0rs8JsRBoufeQpYcQ==
LfcTwIoPqC27iUQtXq+ObQ==
G9u43fx3hColN5YFe+1cng==
KjyLlzwQkgO+6mSauIFgvw==
mFbTjFrGkN3ymgcXu/lIUg==
lPJK6/x39ZWrXCF2UwqDwg==
qmuDzzYsikyaBp2/J80nFg==
PwlSS9Lqaqth8lbOGt2krA==
C5HWfkmQDAXydvw/GOy3cw==
S9MeTeY7Yohx9cE4TS4WUA==
CENcfFXtxLsVAXjoM4PsyA==
pJ4uiWxWTLF9B1yAouxw4A==
BxV94FOuK7IFDVqe1InzMg==
99WdNy9fl4KWftkBugly5Q==
veBIkFYQwDi+iDSLahrLoA==
ySUj1HWN5fHlWDwQu2OVxA==
f+Jk2aQ4omGXKYIIsLuSuQ==
k2nzFKegjK9M87YawlUjaw==
0Ja/QRV2fyYyIiNs9+VEfQ==
evkIxZkDqUpUD9n3XPn6BQ==
EYRlSrsJnJSeJaLX28DugA==
L6DzC3BIKcxYE1+rIcPcbQ==
Y7DEQQ3GCESjNyc48u2skQ==
b4MUQsgSe7HDK54iPBuZZg==
RPAUrkD+tQceZRPYza03qg==
aW0mTFgIIntRcvoyimsMXA==
iUiFxEEcgc/QBv+GoVmnIA==
WfZaxKaCnfrpfQ2wdXyuUA==
WQomsys/7qlojGAJ71fnFA==
1G7VsVB/USsXEL4PS+r/0g==
Lk41nnGdXhMqQqfFjrNqFg==
g5VWykrgeUiCJlu++lyaHQ==
famafFWLNxSOrnPgCPo0tA==
UYV0RYR9x6T0rdGaELVWUw==
08gino+q4uTaubIqXFJOrw==
XSHyEQlUGHScjTINYp9xyA==
LYUHpH/Prlwb783WP9+jIA==
PNN/hAayvBRr31+QR39CaQ==
QfMqxGodJ3BXqY1cSyA1ow==
OVo+uNsUWNmS2IdIO0cikA==
Lhu/YJuAE7gFkvIam1tRnQ==
